[    35.778] _XSERVTransSocketUNIXCreateListener: ...SocketCreateListener() failed
[    35.779] _XSERVTransMakeAllCOTSServerListeners: server already running
[    35.780] (--) Log file renamed from "/home/student/.local/share/xorg/Xorg.pid-1018.log" to "/home/student/.local/share/xorg/Xorg.1.log"
[    35.782] 
X.Org X Server 1.19.5
Release Date: 2017-10-12
[    35.782] X Protocol Version 11, Revision 0
[    35.782] Build Operating System: Linux 4.4.0-97-generic x86_64 Ubuntu
[    35.782] Current Operating System: Linux student-VirtualBox 4.13.0-45-generic #50-Ubuntu SMP Wed May 30 08:23:18 UTC 2018 x86_64
[    35.782] Kernel command line: BOOT_IMAGE=/boot/vmlinuz-4.13.0-45-generic root=UUID=c8a9af87-1bce-4299-9402-64e78967e53f ro quiet splash
[    35.782] Build Date: 15 October 2017  05:51:19PM
[    35.782] xorg-server 2:1.19.5-0ubuntu2 (For technical support please see http://www.ubuntu.com/support) 
[    35.782] Current version of pixman: 0.34.0
[    35.782] 	Before reporting problems, check http://wiki.x.org
	to make sure that you have the latest version.
[    35.782] Markers: (--) probed, (**) from config file, (==) default setting,
	(++) from command line, (!!) notice, (II) informational,
	(WW) warning, (EE) error, (NI) not implemented, (??) unknown.
[    35.782] (==) Log file: "/home/student/.local/share/xorg/Xorg.1.log", Time: Sat Jun 23 12:45:56 2018
[    35.782] (==) Using system config directory "/usr/share/X11/xorg.conf.d"
[    35.783] (==) No Layout section.  Using the first Screen section.
[    35.783] (==) No screen section available. Using defaults.
[    35.783] (**) |-->Screen "Default Screen Section" (0)
[    35.783] (**) |   |-->Monitor "<default monitor>"
[    35.783] (==) No monitor specified for screen "Default Screen Section".
	Using a default monitor configuration.
[    35.783] (==) Automatically adding devices
[    35.783] (==) Automatically enabling devices
[    35.783] (==) Automatically adding GPU devices
[    35.783] (==) Automatically binding GPU devices
[    35.783] (==) Max clients allowed: 256, resource mask: 0x1fffff
[    35.783] (WW) The directory "/usr/share/fonts/X11/cyrillic" does not exist.
[    35.783] 	Entry deleted from font path.
[    35.783] (WW) The directory "/usr/share/fonts/X11/100dpi/" does not exist.
[    35.783] 	Entry deleted from font path.
[    35.783] (WW) The directory "/usr/share/fonts/X11/75dpi/" does not exist.
[    35.783] 	Entry deleted from font path.
[    35.783] (WW) The directory "/usr/share/fonts/X11/100dpi" does not exist.
[    35.783] 	Entry deleted from font path.
[    35.783] (WW) The directory "/usr/share/fonts/X11/75dpi" does not exist.
[    35.783] 	Entry deleted from font path.
[    35.783] (==) FontPath set to:
	/usr/share/fonts/X11/misc,
	/usr/share/fonts/X11/Type1,
	built-ins
[    35.783] (==) ModulePath set to "/usr/lib/x86_64-linux-gnu/xorg/extra-modules,/usr/lib/xorg/extra-modules,/usr/lib/xorg/modules"
[    35.783] (II) The server relies on udev to provide the list of input devices.
	If no devices become available, reconfigure udev or disable AutoAddDevices.
[    35.783] (II) Loader magic: 0x556e26370020
[    35.783] (II) Module ABI versions:
[    35.783] 	X.Org ANSI C Emulation: 0.4
[    35.783] 	X.Org Video Driver: 23.0
[    35.783] 	X.Org XInput driver : 24.1
[    35.783] 	X.Org Server Extension : 10.0
[    35.790] (++) using VT number 2

[    35.796] (II) systemd-logind: took control of session /org/freedesktop/login1/session/_33
[    35.796] (II) xfree86: Adding drm device (/dev/dri/card0)
[    35.803] (II) systemd-logind: got fd for /dev/dri/card0 226:0 fd 13 paused 0
[    35.819] (--) PCI:*(0:0:2:0) 80ee:beef:0000:0000 rev 0, Mem @ 0xe0000000/134217728, BIOS @ 0x????????/131072
[    35.820] (II) LoadModule: "glx"
[    35.829] (II) Loading /usr/lib/xorg/modules/extensions/libglx.so
[    35.830] (II) Module glx: vendor="X.Org Foundation"
[    35.830] 	compiled for 1.19.5, module version = 1.0.0
[    35.830] 	ABI class: X.Org Server Extension, version 10.0
[    35.830] (==) Matched vboxvideo as autoconfigured driver 0
[    35.831] (==) Matched vboxvideo as autoconfigured driver 1
[    35.831] (==) Matched modesetting as autoconfigured driver 2
[    35.831] (==) Matched fbdev as autoconfigured driver 3
[    35.831] (==) Matched vesa as autoconfigured driver 4
[    35.831] (==) Assigned the driver to the xf86ConfigLayout
[    35.831] (II) LoadModule: "vboxvideo"
[    35.831] (WW) Warning, couldn't open module vboxvideo
[    35.831] (II) UnloadModule: "vboxvideo"
[    35.831] (II) Unloading vboxvideo
[    35.831] (EE) Failed to load module "vboxvideo" (module does not exist, 0)
[    35.831] (II) LoadModule: "modesetting"
[    35.831] (II) Loading /usr/lib/xorg/modules/drivers/modesetting_drv.so
[    35.845] (II) Module modesetting: vendor="X.Org Foundation"
[    35.845] 	compiled for 1.19.5, module version = 1.19.5
[    35.845] 	Module class: X.Org Video Driver
[    35.845] 	ABI class: X.Org Video Driver, version 23.0
[    35.845] (II) LoadModule: "fbdev"
[    35.845] (II) Loading /usr/lib/xorg/modules/drivers/fbdev_drv.so
[    35.845] (II) Module fbdev: vendor="X.Org Foundation"
[    35.845] 	compiled for 1.19.3, module version = 0.4.4
[    35.845] 	Module class: X.Org Video Driver
[    35.845] 	ABI class: X.Org Video Driver, version 23.0
[    35.845] (II) LoadModule: "vesa"
[    35.845] (II) Loading /usr/lib/xorg/modules/drivers/vesa_drv.so
[    35.845] (II) Module vesa: vendor="X.Org Foundation"
[    35.845] 	compiled for 1.19.3, module version = 2.3.4
[    35.845] 	Module class: X.Org Video Driver
[    35.845] 	ABI class: X.Org Video Driver, version 23.0
[    35.845] (==) Matched vboxvideo as autoconfigured driver 0
[    35.845] (==) Matched vboxvideo as autoconfigured driver 1
[    35.845] (==) Matched modesetting as autoconfigured driver 2
[    35.845] (==) Matched fbdev as autoconfigured driver 3
[    35.845] (==) Matched vesa as autoconfigured driver 4
[    35.845] (==) Assigned the driver to the xf86ConfigLayout
[    35.846] (II) LoadModule: "vboxvideo"
[    35.846] (WW) Warning, couldn't open module vboxvideo
[    35.846] (II) UnloadModule: "vboxvideo"
[    35.846] (II) Unloading vboxvideo
[    35.846] (EE) Failed to load module "vboxvideo" (module does not exist, 0)
[    35.846] (II) LoadModule: "modesetting"
[    35.846] (II) Loading /usr/lib/xorg/modules/drivers/modesetting_drv.so
[    35.846] (II) Module modesetting: vendor="X.Org Foundation"
[    35.846] 	compiled for 1.19.5, module version = 1.19.5
[    35.846] 	Module class: X.Org Video Driver
[    35.846] 	ABI class: X.Org Video Driver, version 23.0
[    35.846] (II) UnloadModule: "modesetting"
[    35.846] (II) Unloading modesetting
[    35.846] (II) Failed to load module "modesetting" (already loaded, 0)
[    35.846] (II) LoadModule: "fbdev"
[    35.846] (II) Loading /usr/lib/xorg/modules/drivers/fbdev_drv.so
[    35.846] (II) Module fbdev: vendor="X.Org Foundation"
[    35.846] 	compiled for 1.19.3, module version = 0.4.4
[    35.846] 	Module class: X.Org Video Driver
[    35.846] 	ABI class: X.Org Video Driver, version 23.0
[    35.846] (II) UnloadModule: "fbdev"
[    35.847] (II) Unloading fbdev
[    35.847] (II) Failed to load module "fbdev" (already loaded, 0)
[    35.847] (II) LoadModule: "vesa"
[    35.847] (II) Loading /usr/lib/xorg/modules/drivers/vesa_drv.so
[    35.847] (II) Module vesa: vendor="X.Org Foundation"
[    35.847] 	compiled for 1.19.3, module version = 2.3.4
[    35.847] 	Module class: X.Org Video Driver
[    35.847] 	ABI class: X.Org Video Driver, version 23.0
[    35.847] (II) UnloadModule: "vesa"
[    35.847] (II) Unloading vesa
[    35.847] (II) Failed to load module "vesa" (already loaded, 0)
[    35.847] (II) modesetting: Driver for Modesetting Kernel Drivers: kms
[    35.847] (II) FBDEV: driver for framebuffer: fbdev
[    35.847] (II) VESA: driver for VESA chipsets: vesa
[    35.860] xf86EnableIOPorts: failed to set IOPL for I/O (Operation not permitted)
[    35.860] (II) modeset(0): using drv /dev/dri/card0
[    35.860] (WW) Falling back to old probe method for fbdev
[    35.860] (II) Loading sub module "fbdevhw"
[    35.860] (II) LoadModule: "fbdevhw"
[    35.860] (II) Loading /usr/lib/xorg/modules/libfbdevhw.so
[    35.861] (II) Module fbdevhw: vendor="X.Org Foundation"
[    35.861] 	compiled for 1.19.5, module version = 0.0.2
[    35.861] 	ABI class: X.Org Video Driver, version 23.0
[    35.861] (EE) open /dev/fb0: Permission denied
[    35.861] (WW) Falling back to old probe method for vesa
[    35.861] (WW) VGA arbiter: cannot open kernel arbiter, no multi-card support
[    35.861] (II) modeset(0): Creating default Display subsection in Screen section
	"Default Screen Section" for depth/fbbpp 24/32
[    35.861] (==) modeset(0): Depth 24, (==) framebuffer bpp 32
[    35.861] (==) modeset(0): RGB weight 888
[    35.861] (==) modeset(0): Default visual is TrueColor
[    35.861] (II) Loading sub module "glamoregl"
[    35.861] (II) LoadModule: "glamoregl"
[    35.862] (II) Loading /usr/lib/xorg/modules/libglamoregl.so
[    35.883] (II) Module glamoregl: vendor="X.Org Foundation"
[    35.883] 	compiled for 1.19.5, module version = 1.0.0
[    35.883] 	ABI class: X.Org ANSI C Emulation, version 0.4
[    35.883] (II) glamor: OpenGL accelerated X.org driver based.
[    36.011] (II) glamor: EGL version 1.4 (DRI2):
[    36.011] EGL_MESA_drm_image required.
[    36.011] (EE) modeset(0): glamor initialization failed
[    36.011] (II) modeset(0): ShadowFB: preferred NO, enabled NO
[    36.021] (II) modeset(0): Output VGA-1 has no monitor section
[    36.021] (II) modeset(0): EDID for output VGA-1
[    36.021] (II) modeset(0): Manufacturer: VBX  Model: 0  Serial#: 43451734
[    36.021] (II) modeset(0): Year: 1990  Week: 1
[    36.021] (II) modeset(0): EDID Version: 1.3
[    36.021] (II) modeset(0): Digital Display Input
[    36.021] (II) modeset(0): Indeterminate output size
[    36.021] (II) modeset(0): Gamma: 2.20
[    36.021] (II) modeset(0): DPMS capabilities: StandBy Suspend Off
[    36.024] (II) modeset(0): Supported color encodings: RGB 4:4:4 YCrCb 4:4:4 
[    36.024] (II) modeset(0): Default color space is primary color space
[    36.024] (II) modeset(0): First detailed timing is preferred mode
[    36.024] (II) modeset(0): redX: 0.640 redY: 0.330   greenX: 0.300 greenY: 0.600
[    36.024] (II) modeset(0): blueX: 0.150 blueY: 0.060   whiteX: 0.312 whiteY: 0.329
[    36.024] (II) modeset(0): Manufacturer's mask: 0
[    36.024] (II) modeset(0): Supported detailed timing:
[    36.024] (II) modeset(0): clock: 55.1 MHz   Image Size:  0 x 0 mm
[    36.024] (II) modeset(0): h_active: 1366  h_sync: 1368  h_sync_end 1370 h_blank_end 1372 h_border: 0
[    36.024] (II) modeset(0): v_active: 663  v_sync: 663  v_sync_end 697 v_blanking: 669 v_border: 0
[    36.024] (II) modeset(0): Ranges: V min: 0 V max: 200 Hz, H min: 0 H max: 200 kHz, PixClock max 1005 MHz
[    36.024] (II) modeset(0): Monitor name: VBOX monitor
[    36.024] (II) modeset(0): EDID (in hex):
[    36.024] (II) modeset(0): 	00ffffffffffff005858000056059702
[    36.024] (II) modeset(0): 	0100010380000078eeee91a3544c9926
[    36.024] (II) modeset(0): 	0f505400000001010101010101010101
[    36.024] (II) modeset(0): 	01010101010183155606509706200202
[    36.024] (II) modeset(0): 	0202000000000000000000fd0000c800
[    36.024] (II) modeset(0): 	c864000a202020202020000000fc0056
[    36.024] (II) modeset(0): 	424f58206d6f6e69746f720a00000010
[    36.024] (II) modeset(0): 	000a2020202020202020202020200068
[    36.024] (II) modeset(0): Printing probed modes for output VGA-1
[    36.024] (II) modeset(0): Modeline "1360x663"x60.0   72.73  1360 1424 1560 1760  663 666 676 689 -hsync +vsync (41.3 kHz P)
[    36.024] (II) modeset(0): Modeline "2560x1600"x60.0  348.50  2560 2752 3032 3504  1600 1603 1609 1658 -hsync +vsync (99.5 kHz e)
[    36.024] (II) modeset(0): Modeline "2560x1600"x60.0  268.50  2560 2608 2640 2720  1600 1603 1609 1646 +hsync -vsync (98.7 kHz e)
[    36.024] (II) modeset(0): Modeline "1920x1440"x60.0  234.00  1920 2048 2256 2600  1440 1441 1444 1500 -hsync +vsync (90.0 kHz e)
[    36.024] (II) modeset(0): Modeline "1856x1392"x60.0  218.25  1856 1952 2176 2528  1392 1393 1396 1439 -hsync +vsync (86.3 kHz e)
[    36.024] (II) modeset(0): Modeline "1792x1344"x60.0  204.75  1792 1920 2120 2448  1344 1345 1348 1394 -hsync +vsync (83.6 kHz e)
[    36.024] (II) modeset(0): Modeline "2048x1152"x60.0  162.00  2048 2074 2154 2250  1152 1153 1156 1200 +hsync +vsync (72.0 kHz e)
[    36.024] (II) modeset(0): Modeline "1920x1200"x59.9  193.25  1920 2056 2256 2592  1200 1203 1209 1245 -hsync +vsync (74.6 kHz e)
[    36.024] (II) modeset(0): Modeline "1920x1200"x60.0  154.00  1920 1968 2000 2080  1200 1203 1209 1235 +hsync -vsync (74.0 kHz e)
[    36.024] (II) modeset(0): Modeline "1920x1080"x60.0  148.50  1920 2008 2052 2200  1080 1084 1089 1125 -hsync -vsync (67.5 kHz e)
[    36.025] (II) modeset(0): Modeline "1600x1200"x60.0  162.00  1600 1664 1856 2160  1200 1201 1204 1250 +hsync +vsync (75.0 kHz e)
[    36.025] (II) modeset(0): Modeline "1680x1050"x60.0  146.25  1680 1784 1960 2240  1050 1053 1059 1089 -hsync +vsync (65.3 kHz e)
[    36.025] (II) modeset(0): Modeline "1680x1050"x59.9  119.00  1680 1728 1760 1840  1050 1053 1059 1080 +hsync -vsync (64.7 kHz e)
[    36.025] (II) modeset(0): Modeline "1400x1050"x60.0  121.75  1400 1488 1632 1864  1050 1053 1057 1089 -hsync +vsync (65.3 kHz e)
[    36.025] (II) modeset(0): Modeline "1400x1050"x59.9  101.00  1400 1448 1480 1560  1050 1053 1057 1080 +hsync -vsync (64.7 kHz e)
[    36.025] (II) modeset(0): Modeline "1600x900"x60.0  108.00  1600 1624 1704 1800  900 901 904 1000 +hsync +vsync (60.0 kHz e)
[    36.025] (II) modeset(0): Modeline "1280x1024"x60.0  108.00  1280 1328 1440 1688  1024 1025 1028 1066 +hsync +vsync (64.0 kHz e)
[    36.025] (II) modeset(0): Modeline "1440x900"x59.9  106.50  1440 1520 1672 1904  900 903 909 934 -hsync +vsync (55.9 kHz e)
[    36.025] (II) modeset(0): Modeline "1440x900"x59.9   88.75  1440 1488 1520 1600  900 903 909 926 +hsync -vsync (55.5 kHz e)
[    36.025] (II) modeset(0): Modeline "1280x960"x60.0  108.00  1280 1376 1488 1800  960 961 964 1000 +hsync +vsync (60.0 kHz e)
[    36.025] (II) modeset(0): Modeline "1366x768"x59.8   85.50  1366 1436 1579 1792  768 771 774 798 +hsync +vsync (47.7 kHz e)
[    36.025] (II) modeset(0): Modeline "1366x768"x60.0   72.00  1366 1380 1436 1500  768 769 772 800 +hsync +vsync (48.0 kHz e)
[    36.025] (II) modeset(0): Modeline "1360x768"x60.0   85.50  1360 1424 1536 1792  768 771 777 795 +hsync +vsync (47.7 kHz e)
[    36.025] (II) modeset(0): Modeline "1280x800"x59.8   83.50  1280 1352 1480 1680  800 803 809 831 -hsync +vsync (49.7 kHz e)
[    36.025] (II) modeset(0): Modeline "1280x800"x59.9   71.00  1280 1328 1360 1440  800 803 809 823 +hsync -vsync (49.3 kHz e)
[    36.025] (II) modeset(0): Modeline "1280x768"x59.9   79.50  1280 1344 1472 1664  768 771 778 798 -hsync +vsync (47.8 kHz e)
[    36.025] (II) modeset(0): Modeline "1280x768"x60.0   68.25  1280 1328 1360 1440  768 771 778 790 +hsync -vsync (47.4 kHz e)
[    36.025] (II) modeset(0): Modeline "1280x720"x60.0   74.25  1280 1390 1430 1650  720 725 730 750 +hsync +vsync (45.0 kHz e)
[    36.025] (II) modeset(0): Modeline "1024x768"x60.0   65.00  1024 1048 1184 1344  768 771 777 806 -hsync -vsync (48.4 kHz e)
[    36.025] (II) modeset(0): Modeline "800x600"x60.3   40.00  800 840 968 1056  600 601 605 628 +hsync +vsync (37.9 kHz e)
[    36.025] (II) modeset(0): Modeline "800x600"x56.2   36.00  800 824 896 1024  600 601 603 625 +hsync +vsync (35.2 kHz e)
[    36.025] (II) modeset(0): Modeline "848x480"x60.0   33.75  848 864 976 1088  480 486 494 517 +hsync +vsync (31.0 kHz e)
[    36.025] (II) modeset(0): Modeline "640x480"x59.9   25.18  640 656 752 800  480 490 492 525 -hsync -vsync (31.5 kHz e)
[    36.025] (II) modeset(0): Output VGA-1 connected
[    36.025] (II) modeset(0): Using exact sizes for initial modes
[    36.025] (II) modeset(0): Output VGA-1 using initial mode 1360x663 +0+0
[    36.025] (==) modeset(0): Using gamma correction (1.0, 1.0, 1.0)
[    36.025] (==) modeset(0): DPI set to (96, 96)
[    36.025] (II) Loading sub module "fb"
[    36.025] (II) LoadModule: "fb"
[    36.025] (II) Loading /usr/lib/xorg/modules/libfb.so
[    36.025] (II) Module fb: vendor="X.Org Foundation"
[    36.025] 	compiled for 1.19.5, module version = 1.0.0
[    36.025] 	ABI class: X.Org ANSI C Emulation, version 0.4
[    36.025] (II) UnloadModule: "fbdev"
[    36.025] (II) Unloading fbdev
[    36.026] (II) UnloadSubModule: "fbdevhw"
[    36.026] (II) Unloading fbdevhw
[    36.026] (II) UnloadModule: "vesa"
[    36.026] (II) Unloading vesa
[    36.026] (==) Depth 24 pixmap format is 32 bpp
[    36.026] (==) modeset(0): Backing store enabled
[    36.026] (==) modeset(0): Silken mouse enabled
[    36.026] (II) modeset(0): RandR 1.2 enabled, ignore the following RandR disabled message.
[    36.026] (==) modeset(0): DPMS enabled
[    36.026] (--) RandR disabled
[    36.038] (II) SELinux: Disabled on system
[    36.039] (II) AIGLX: Screen 0 is not DRI2 capable
[    36.039] (EE) AIGLX: reverting to software rendering
[    36.046] (II) IGLX: enabled GLX_MESA_copy_sub_buffer
[    36.047] (II) IGLX: Loaded and initialized swrast
[    36.047] (II) GLX: Initialized DRISWRAST GL provider for screen 0
[    36.047] (II) modeset(0): Damage tracking initialized
[    36.047] (II) modeset(0): Setting screen physical size to 359 x 175
[    36.164] (II) config/udev: Adding input device Power Button (/dev/input/event0)
[    36.165] (**) Power Button: Applying InputClass "libinput keyboard catchall"
[    36.165] (II) LoadModule: "libinput"
[    36.167] (II) Loading /usr/lib/xorg/modules/input/libinput_drv.so
[    36.169] (II) Module libinput: vendor="X.Org Foundation"
[    36.169] 	compiled for 1.19.3, module version = 0.25.0
[    36.170] 	Module class: X.Org XInput Driver
[    36.171] 	ABI class: X.Org XInput driver, version 24.1
[    36.172] (II) Using input driver 'libinput' for 'Power Button'
[    36.186] (II) systemd-logind: got fd for /dev/input/event0 13:64 fd 21 paused 0
[    36.186] (**) Power Button: always reports core events
[    36.186] (**) Option "Device" "/dev/input/event0"
[    36.187] (**) Option "_source" "server/udev"
[    36.192] (II) event0  - (II) Power Button: (II) is tagged by udev as: Keyboard
[    36.193] (II) event0  - (II) Power Button: (II) device is a keyboard
[    36.193] (II) event0  - (II) Power Button: (II) device removed
[    36.193] (**) Option "config_info" "udev:/sys/devices/LNXSYSTM:00/LNXPWRBN:00/input/input0/event0"
[    36.193] (II) XINPUT: Adding extended input device "Power Button" (type: KEYBOARD, id 6)
[    36.193] (**) Option "xkb_model" "pc105"
[    36.193] (**) Option "xkb_layout" "us"
[    36.194] (II) event0  - (II) Power Button: (II) is tagged by udev as: Keyboard
[    36.194] (II) event0  - (II) Power Button: (II) device is a keyboard
[    36.194] (II) config/udev: Adding input device Sleep Button (/dev/input/event1)
[    36.194] (**) Sleep Button: Applying InputClass "libinput keyboard catchall"
[    36.194] (II) Using input driver 'libinput' for 'Sleep Button'
[    36.202] (II) systemd-logind: got fd for /dev/input/event1 13:65 fd 24 paused 0
[    36.202] (**) Sleep Button: always reports core events
[    36.202] (**) Option "Device" "/dev/input/event1"
[    36.202] (**) Option "_source" "server/udev"
[    36.202] (II) event1  - (II) Sleep Button: (II) is tagged by udev as: Keyboard
[    36.202] (II) event1  - (II) Sleep Button: (II) device is a keyboard
[    36.202] (II) event1  - (II) Sleep Button: (II) device removed
[    36.202] (**) Option "config_info" "udev:/sys/devices/LNXSYSTM:00/LNXSLPBN:00/input/input1/event1"
[    36.202] (II) XINPUT: Adding extended input device "Sleep Button" (type: KEYBOARD, id 7)
[    36.202] (**) Option "xkb_model" "pc105"
[    36.202] (**) Option "xkb_layout" "us"
[    36.203] (II) event1  - (II) Sleep Button: (II) is tagged by udev as: Keyboard
[    36.203] (II) event1  - (II) Sleep Button: (II) device is a keyboard
[    36.210] (II) config/udev: Adding input device Video Bus (/dev/input/event3)
[    36.210] (**) Video Bus: Applying InputClass "libinput keyboard catchall"
[    36.210] (II) Using input driver 'libinput' for 'Video Bus'
[    36.215] (II) systemd-logind: got fd for /dev/input/event3 13:67 fd 25 paused 0
[    36.215] (**) Video Bus: always reports core events
[    36.216] (**) Option "Device" "/dev/input/event3"
[    36.216] (**) Option "_source" "server/udev"
[    36.217] (II) event3  - (II) Video Bus: (II) is tagged by udev as: Keyboard
[    36.217] (II) event3  - (II) Video Bus: (II) device is a keyboard
[    36.217] (II) event3  - (II) Video Bus: (II) device removed
[    36.217] (**) Option "config_info" "udev:/sys/devices/LNXSYSTM:00/LNXSYBUS:00/PNP0A03:00/LNXVIDEO:00/input/input4/event3"
[    36.217] (II) XINPUT: Adding extended input device "Video Bus" (type: KEYBOARD, id 8)
[    36.217] (**) Option "xkb_model" "pc105"
[    36.217] (**) Option "xkb_layout" "us"
[    36.218] (II) event3  - (II) Video Bus: (II) is tagged by udev as: Keyboard
[    36.218] (II) event3  - (II) Video Bus: (II) device is a keyboard
[    36.219] (II) config/udev: Adding input device VirtualBox mouse integration (/dev/input/event6)
[    36.219] (**) VirtualBox mouse integration: Applying InputClass "libinput pointer catchall"
[    36.219] (II) Using input driver 'libinput' for 'VirtualBox mouse integration'
[    36.226] (II) systemd-logind: got fd for /dev/input/event6 13:70 fd 26 paused 0
[    36.226] (**) VirtualBox mouse integration: always reports core events
[    36.226] (**) Option "Device" "/dev/input/event6"
[    36.226] (**) Option "_source" "server/udev"
[    36.226] (II) event6  - (II) VirtualBox mouse integration: (II) is tagged by udev as: Mouse
[    36.227] (II) event6  - (II) VirtualBox mouse integration: (II) device is a pointer
[    36.227] (II) event6  - (II) VirtualBox mouse integration: (II) device removed
[    36.227] (**) Option "config_info" "udev:/sys/devices/pci0000:00/0000:00:04.0/input/input7/event6"
[    36.227] (II) XINPUT: Adding extended input device "VirtualBox mouse integration" (type: MOUSE, id 9)
[    36.227] (**) Option "AccelerationScheme" "none"
[    36.227] (**) VirtualBox mouse integration: (accel) selected scheme none/0
[    36.227] (**) VirtualBox mouse integration: (accel) acceleration factor: 2.000
[    36.227] (**) VirtualBox mouse integration: (accel) acceleration threshold: 4
[    36.227] (II) event6  - (II) VirtualBox mouse integration: (II) is tagged by udev as: Mouse
[    36.228] (II) event6  - (II) VirtualBox mouse integration: (II) device is a pointer
[    36.235] (II) config/udev: Adding input device VirtualBox mouse integration (/dev/input/js1)
[    36.235] (II) No input driver specified, ignoring this device.
[    36.235] (II) This device may have been added with another device file.
[    36.236] (II) config/udev: Adding input device VirtualBox USB Tablet (/dev/input/event5)
[    36.236] (**) VirtualBox USB Tablet: Applying InputClass "libinput pointer catchall"
[    36.236] (II) Using input driver 'libinput' for 'VirtualBox USB Tablet'
[    36.241] (II) systemd-logind: got fd for /dev/input/event5 13:69 fd 27 paused 0
[    36.241] (**) VirtualBox USB Tablet: always reports core events
[    36.241] (**) Option "Device" "/dev/input/event5"
[    36.241] (**) Option "_source" "server/udev"
[    36.242] (II) event5  - (II) VirtualBox USB Tablet: (II) is tagged by udev as: Mouse
[    36.242] (II) event5  - (II) VirtualBox USB Tablet: (II) device is a pointer
[    36.242] (II) event5  - (II) VirtualBox USB Tablet: (II) device removed
[    36.242] (**) Option "config_info" "udev:/sys/devices/pci0000:00/0000:00:06.0/usb1/1-1/1-1:1.0/0003:80EE:0021.0001/input/input6/event5"
[    36.242] (II) XINPUT: Adding extended input device "VirtualBox USB Tablet" (type: MOUSE, id 10)
[    36.242] (**) Option "AccelerationScheme" "none"
[    36.242] (**) VirtualBox USB Tablet: (accel) selected scheme none/0
[    36.242] (**) VirtualBox USB Tablet: (accel) acceleration factor: 2.000
[    36.242] (**) VirtualBox USB Tablet: (accel) acceleration threshold: 4
[    36.243] (II) event5  - (II) VirtualBox USB Tablet: (II) is tagged by udev as: Mouse
[    36.243] (II) event5  - (II) VirtualBox USB Tablet: (II) device is a pointer
[    36.251] (II) config/udev: Adding input device VirtualBox USB Tablet (/dev/input/js0)
[    36.251] (II) No input driver specified, ignoring this device.
[    36.251] (II) This device may have been added with another device file.
[    36.252] (II) config/udev: Adding input device VirtualBox USB Tablet (/dev/input/mouse1)
[    36.252] (II) No input driver specified, ignoring this device.
[    36.252] (II) This device may have been added with another device file.
[    36.255] (II) config/udev: Adding input device AT Translated Set 2 keyboard (/dev/input/event2)
[    36.255] (**) AT Translated Set 2 keyboard: Applying InputClass "libinput keyboard catchall"
[    36.255] (II) Using input driver 'libinput' for 'AT Translated Set 2 keyboard'
[    36.260] (II) systemd-logind: got fd for /dev/input/event2 13:66 fd 28 paused 0
[    36.260] (**) AT Translated Set 2 keyboard: always reports core events
[    36.260] (**) Option "Device" "/dev/input/event2"
[    36.260] (**) Option "_source" "server/udev"
[    36.263] (II) event2  - (II) AT Translated Set 2 keyboard: (II) is tagged by udev as: Keyboard
[    36.263] (II) event2  - (II) AT Translated Set 2 keyboard: (II) device is a keyboard
[    36.263] (II) event2  - (II) AT Translated Set 2 keyboard: (II) device removed
[    36.263] (**) Option "config_info" "udev:/sys/devices/platform/i8042/serio0/input/input2/event2"
[    36.263] (II) XINPUT: Adding extended input device "AT Translated Set 2 keyboard" (type: KEYBOARD, id 11)
[    36.263] (**) Option "xkb_model" "pc105"
[    36.263] (**) Option "xkb_layout" "us"
[    36.274] (II) event2  - (II) AT Translated Set 2 keyboard: (II) is tagged by udev as: Keyboard
[    36.274] (II) event2  - (II) AT Translated Set 2 keyboard: (II) device is a keyboard
[    36.275] (II) config/udev: Adding input device ImExPS/2 Generic Explorer Mouse (/dev/input/event4)
[    36.275] (**) ImExPS/2 Generic Explorer Mouse: Applying InputClass "libinput pointer catchall"
[    36.275] (II) Using input driver 'libinput' for 'ImExPS/2 Generic Explorer Mouse'
[    36.280] (II) systemd-logind: got fd for /dev/input/event4 13:68 fd 29 paused 0
[    36.280] (**) ImExPS/2 Generic Explorer Mouse: always reports core events
[    36.280] (**) Option "Device" "/dev/input/event4"
[    36.280] (**) Option "_source" "server/udev"
[    36.280] (II) event4  - (II) ImExPS/2 Generic Explorer Mouse: (II) is tagged by udev as: Mouse
[    36.280] (II) event4  - (II) ImExPS/2 Generic Explorer Mouse: (II) device is a pointer
[    36.280] (II) event4  - (II) ImExPS/2 Generic Explorer Mouse: (II) device removed
[    36.281] (**) Option "config_info" "udev:/sys/devices/platform/i8042/serio1/input/input5/event4"
[    36.281] (II) XINPUT: Adding extended input device "ImExPS/2 Generic Explorer Mouse" (type: MOUSE, id 12)
[    36.281] (**) Option "AccelerationScheme" "none"
[    36.281] (**) ImExPS/2 Generic Explorer Mouse: (accel) selected scheme none/0
[    36.281] (**) ImExPS/2 Generic Explorer Mouse: (accel) acceleration factor: 2.000
[    36.281] (**) ImExPS/2 Generic Explorer Mouse: (accel) acceleration threshold: 4
[    36.286] (II) event4  - (II) ImExPS/2 Generic Explorer Mouse: (II) is tagged by udev as: Mouse
[    36.286] (II) event4  - (II) ImExPS/2 Generic Explorer Mouse: (II) device is a pointer
[    36.287] (II) config/udev: Adding input device ImExPS/2 Generic Explorer Mouse (/dev/input/mouse0)
[    36.287] (II) No input driver specified, ignoring this device.
[    36.287] (II) This device may have been added with another device file.
[    37.538] (II) modeset(0): EDID vendor "VBX", prod id 0
[    37.539] (II) modeset(0): DDCModeFromDetailedTiming: 1366x663 Warning: We only handle separate sync.
[    37.540] (II) modeset(0): Using EDID range info for horizontal sync
[    37.540] (II) modeset(0): Using EDID range info for vertical refresh
